{"time":"2018-01-01 16:13:20 -0500","type":"buy","rate":6.4e-07,"balances":{"base":0.0,"coin":0.09351562499999999,"stash":0,"buried":0.0}}
{"time":"2018-01-01 16:15:20 -0500","type":"sell","rate":6.5e-07,"balances":{"base":6.063319335937499e-08,"coin":0.0,"stash":0,"buried":0.0}}
{"time":"2018-01-01 16:29:21 -0500","type":"buy","rate":6.4e-07,"balances":{"base":0.0,"coin":0.09450251621246337,"stash":0,"buried":0.0}}
{"time":"2018-01-01 16:30:21 -0500","type":"sell","rate":6.5e-07,"balances":{"base":6.127306894925594e-08,"coin":0.0,"stash":0,"buried":0.0}}
{"time":"2018-01-01 16:31:20 -0500","type":"buy","rate":6.4e-07,"balances":{"base":0.0,"coin":0.09549982230762938,"stash":0,"buried":0.0}}
{"time":"2018-01-01 16:34:21 -0500","type":"sell","rate":6.5e-07,"balances":{"base":6.191969728870921e-08,"coin":0.0,"stash":0,"buried":0.0}}
{"time":"2018-01-01 16:41:20 -0500","type":"buy","rate":6.4e-07,"balances":{"base":0.0,"coin":0.09650765319607411,"stash":0,"buried":0.0}}
{"time":"2018-01-01 16:43:20 -0500","type":"sell","rate":6.5e-07,"balances":{"base":6.257314964100456e-08,"coin":0.0,"stash":0,"buried":0.0}}
{"time":"2018-01-01 16:44:21 -0500","type":"buy","rate":6.4e-07,"balances":{"base":0.0,"coin":0.09752611994828445,"stash":0,"buried":0.0}}
{"time":"2018-01-01 16:45:23 -0500","type":"sell","rate":6.5e-07,"balances":{"base":6.323349802146894e-08,"coin":0.0,"stash":0,"buried":0.0}}
{"time":"2018-01-01 16:46:21 -0500","type":"buy","rate":6.4e-07,"balances":{"base":0.0,"coin":0.09855533480689885,"stash":0,"buried":0.0}}
{"time":"2018-01-01 16:47:21 -0500","type":"sell","rate":6.5e-07,"balances":{"base":6.390081520542305e-08,"coin":0.0,"stash":0,"buried":0.0}}
{"time":"2018-01-01 16:49:21 -0500","type":"buy","rate":6.4e-07,"balances":{"base":0.0,"coin":0.09959541119907735,"stash":0,"buried":0.0}}
{"time":"2018-01-01 16:50:21 -0500","type":"sell","rate":6.5e-07,"balances":{"base":6.457517473620179e-08,"coin":0.0,"stash":0,"buried":0.0}}
{"time":"2018-01-01 16:53:21 -0500","type":"buy","rate":6.4e-07,"balances":{"base":0.0,"coin":0.100646463749002,"stash":0,"buried":0.0}}
{"time":"2018-01-01 16:54:21 -0500","type":"sell","rate":6.5e-07,"balances":{"base":6.525665093325918e-08,"coin":0.0,"stash":0,"buried":0.0}}
{"time":"2018-01-01 16:55:21 -0500","type":"buy","rate":6.4e-07,"balances":{"base":0.0,"coin":0.10170860829050943,"stash":0,"buried":0.0}}
{"time":"2018-01-01 16:58:21 -0500","type":"sell","rate":6.5e-07,"balances":{"base":6.594531890035905e-08,"coin":0.0,"stash":0,"buried":0.0}}
{"time":"2018-01-01 17:02:21 -0500","type":"buy","rate":6.4e-07,"balances":{"base":0.0,"coin":0.10278196187985648,"stash":0,"buried":0.0}}
{"time":"2018-01-01 17:09:21 -0500","type":"sell","rate":6.5e-07,"balances":{"base":6.664125453385195e-08,"coin":0.0,"stash":0,"buried":0.0}}
{"time":"2018-01-01 17:11:21 -0500","type":"buy","rate":6.4e-07,"balances":{"base":0.0,"coin":0.10386664280862083,"stash":0,"buried":0.0}}
{"time":"2018-01-01 17:12:21 -0500","type":"sell","rate":6.5e-07,"balances":{"base":6.734453453103954e-08,"coin":0.0,"stash":0,"buried":0.0}}
{"time":"2018-01-01 17:14:22 -0500","type":"buy","rate":6.4e-07,"balances":{"base":0.0,"coin":0.10496277061673741,"stash":0,"buried":0.0}}
{"time":"2018-01-01 17:16:21 -0500","type":"sell","rate":6.5e-07,"balances":{"base":6.805523639862712e-08,"coin":0.0,"stash":0,"buried":0.0}}
{"time":"2018-01-01 17:19:21 -0500","type":"buy","rate":6.4e-07,"balances":{"base":0.0,"coin":0.10607046610567274,"stash":0,"buried":0.0}}
{"time":"2018-01-01 17:20:21 -0500","type":"sell","rate":6.5e-07,"balances":{"base":6.877343846126557e-08,"coin":0.0,"stash":0,"buried":0.0}}
{"time":"2018-01-01 17:22:21 -0500","type":"buy","rate":6.4e-07,"balances":{"base":0.0,"coin":0.10718985135173814,"stash":0,"buried":0.0}}
{"time":"2018-01-01 17:24:21 -0500","type":"sell","rate":6.5e-07,"balances":{"base":6.949921987018322e-08,"coin":0.0,"stash":0,"buried":0.0}}
{"time":"2018-01-01 17:25:22 -0500","type":"buy","rate":6.4e-07,"balances":{"base":0.0,"coin":0.10832104971954339,"stash":0,"buried":0.0}}
{"time":"2018-01-01 17:27:21 -0500","type":"sell","rate":6.5e-07,"balances":{"base":7.023266061190895e-08,"coin":0.0,"stash":0,"buried":0.0}}
{"time":"2018-01-01 17:28:21 -0500","type":"buy","rate":6.4e-07,"balances":{"base":0.0,"coin":0.10946418587559247,"stash":0,"buried":0.0}}
{"time":"2018-01-01 17:29:21 -0500","type":"sell","rate":6.5e-07,"balances":{"base":7.097384151708727e-08,"coin":0.0,"stash":0,"buried":0.0}}
{"time":"2018-01-01 17:31:21 -0500","type":"buy","rate":6.4e-07,"balances":{"base":0.0,"coin":0.11061938580202273,"stash":0,"buried":0.0}}
{"time":"2018-01-01 17:36:21 -0500","type":"sell","rate":6.5e-07,"balances":{"base":7.17228442693865e-08,"coin":0.0,"stash":0,"buried":0.0}}
{"time":"2018-01-01 17:40:21 -0500","type":"buy","rate":6.4e-07,"balances":{"base":0.0,"coin":0.11178677681048911,"stash":0,"buried":0.0}}
{"time":"2018-01-01 17:50:22 -0500","type":"sell","rate":6.5e-07,"balances":{"base":7.247975141450087e-08,"coin":0.0,"stash":0,"buried":0.0}}
{"time":"2018-01-01 17:51:21 -0500","type":"buy","rate":6.5e-07,"balances":{"base":0.0,"coin":0.10161900667632363,"stash":8.41520177233078e-05,"buried":4.278370909845181e-05}}
{"time":"2018-01-01 17:54:21 -0500","type":"sell","rate":6.5e-07,"balances":{"base":6.588722345376133e-08,"coin":0.0,"stash":0,"buried":4.278370909845181e-05}}
{"time":"2018-01-01 17:58:22 -0500","type":"buy","rate":6.4e-07,"balances":{"base":0.0,"coin":0.10269141467988584,"stash":0,"buried":4.278370909845181e-05}}
